<?xml version="1.0" encoding="UTF-8"?>
<testng-results ignored="0" total="1" passed="1" failed="0" skipped="0">
  <reporter-output>
  </reporter-output>
  <suite started-at="2022-07-22T15:08:57 EET" name="Default suite" finished-at="2022-07-22T15:09:02 EET" duration-ms="5393">
    <groups>
    </groups>
    <test started-at="2022-07-22T15:08:57 EET" name="Default test" finished-at="2022-07-22T15:09:02 EET" duration-ms="5393">
      <class name="tests.SearchTest">
        <test-method is-config="true" signature="StartDriver()[pri:0, instance:tests.SearchTest@47af7f3d]" started-at="2022-07-22T15:08:53 EET" name="StartDriver" finished-at="2022-07-22T15:08:57 EET" duration-ms="3654" status="PASS">
          <reporter-output>
          </reporter-output>
        </test-method> <!-- StartDriver -->
        <test-method signature="Search(java.lang.String)[pri:0, instance:tests.SearchTest@47af7f3d]" started-at="2022-07-22T15:08:57 EET" name="Search" data-provider="SearchData" finished-at="2022-07-22T15:09:02 EET" duration-ms="4894" status="PASS">
          <params>
            <param index="0">
              <value>
                <![CDATA[Test]]>
              </value>
            </param>
          </params>
          <reporter-output>
          </reporter-output>
        </test-method> <!-- Search -->
        <test-method is-config="true" signature="CloseDriver()[pri:0, instance:tests.SearchTest@47af7f3d]" started-at="2022-07-22T15:09:02 EET" name="CloseDriver" finished-at="2022-07-22T15:09:02 EET" duration-ms="272" status="PASS">
          <reporter-output>
          </reporter-output>
        </test-method> <!-- CloseDriver -->
      </class> <!-- tests.SearchTest -->
    </test> <!-- Default test -->
  </suite> <!-- Default suite -->
</testng-results>
